[2021-04-13 09:32:25,602][complete_err_send.py:44] >> success change_alias
[2021-04-13 09:32:27,376][complete_err_send.py:132] >> telegram_send message success
[2021-04-13 15:42:09,744][nudge_9_send.py:92] >> exists_alias() missing 1 required positional argument: 'name'
[2021-04-13 15:42:56,753][nudge_9_send.py:92] >> '<' not supported between instances of 'Urllib3HttpConnection' and 'Urllib3HttpConnection'
[2021-04-13 15:43:12,737][nudge_9_send.py:92] >> '<' not supported between instances of 'Urllib3HttpConnection' and 'Urllib3HttpConnection'
[2021-04-13 15:43:28,049][nudge_9_send.py:88] >> telegram_send message success
[2021-04-13 15:43:39,734][nudge_9_send.py:88] >> telegram_send message success
[2021-04-13 15:43:55,104][nudge_9_send.py:88] >> telegram_send message success
[2021-04-13 15:45:03,019][nudge_9_send.py:90] >> telegram_send message success
[2021-04-13 15:48:20,486][nudge_9_send.py:89] >> telegram_send message success
[2021-04-13 15:48:54,061][nudge_9_send.py:89] >> telegram_send message success
[2021-04-13 15:49:46,078][nudge_9_send.py:90] >> telegram_send message success
[2021-04-13 15:49:55,909][nudge_9_send.py:96] >> 'dict_keys' object is not subscriptable
[2021-04-13 15:50:25,087][nudge_9_send.py:92] >> telegram_send message success
[2021-04-13 15:50:57,308][nudge_9_send.py:92] >> telegram_send message success
[2021-04-13 15:51:16,429][nudge_9_send.py:92] >> telegram_send message success
[2021-04-13 15:55:20,494][nudge_9_send.py:96] >> telegram_send message success
[2021-04-13 15:55:45,595][nudge_9_send.py:96] >> telegram_send message success
[2021-04-13 16:08:09,665][nudge_9_send.py:97] >> telegram_send message success
[2021-04-13 16:08:32,844][nudge_9_send.py:97] >> telegram_send message success
